<?xml version="1.0" encoding="UTF-8"?>
<!-- Generated by org.testng.reporters.JUnitXMLReporter -->
<testsuite hostname="LEBLRCND53434KR" name="chrome" tests="5" failures="1" timestamp="11 Feb 2017 05:46:19 GMT" time="127.849" errors="0">
  <testcase name="validLoginScenario" time="31.441" classname="testScript.LoginScenario"/>
  <testcase name="validLoginScenario" time="1.62" classname="testScript.LoginScenario">
    <skipped/>
  </testcase> <!-- validLoginScenario -->
  <testcase name="validLoginScenario" time="0.886" classname="testScript.LoginScenario">
    <skipped/>
  </testcase> <!-- validLoginScenario -->
  <testcase name="validSearchScenario" time="62.51" classname="testScript.SearchScenario">
    <failure type="junit.framework.ComparisonFailure" message="expected:&amp;lt;49[8]&amp;gt; but was:&amp;lt;49[7]&amp;gt;">
      <![CDATA[junit.framework.ComparisonFailure: expected:<49[8]> but was:<49[7]>
	at junit.framework.Assert.assertEquals(Assert.java:85)
	at junit.framework.Assert.assertEquals(Assert.java:91)
	at pageModulesGeneric.HomePageGeneric.getSearchBookCount(HomePageGeneric.java:42)
	at testScript.SearchScenario.validSearchScenario(SearchScenario.java:25)
... Removed 24 stack frames]]>
    </failure>
  </testcase> <!-- validSearchScenario -->
  <testcase name="validSearchScenario" time="1.548" classname="testScript.SearchScenario">
    <skipped/>
  </testcase> <!-- validSearchScenario -->
</testsuite> <!-- chrome -->
